<?xml version="1.0" encoding="UTF-8"?>
<!-- Generated by org.testng.reporters.JUnitReportReporter -->
<testsuite hostname="LAPTOP-I4EN9ESB" name="Academy.ValidateNavigatonBar" tests="1" failures="0" timestamp="23 Aug 2020 19:29:56 GMT" time="3.998" errors="0">
  <testcase name="navigationBar" time="3.998" classname="Academy.ValidateNavigatonBar"/>
</testsuite> <!-- Academy.ValidateNavigatonBar -->
