<?xml version="1.0" encoding="UTF-8"?>
<!-- Generated by org.testng.reporters.JUnitReportReporter -->
<testsuite hostname="LAPTOP-I4EN9ESB" name="Academy.ValidateTitle" tests="1" failures="0" timestamp="23 Aug 2020 19:29:56 GMT" time="15.415" errors="0">
  <testcase name="getTitle" time="15.415" classname="Academy.ValidateTitle"/>
</testsuite> <!-- Academy.ValidateTitle -->
